# JRE version: OpenJDK Runtime Environment Temurin-21.0.7+6 (21.0.7+6) (build 21.0.7+6-LTS)
# Java VM: OpenJDK 64-Bit Server VM Temurin-21.0.7+6 (21.0.7+6-LTS, mixed mode, sharing, tiered, compressed oops, compressed class ptrs, g1 gc, windows-amd64)
GC Precious Log:
 CardTable entry size: 512
 Card Set container configuration: InlinePtr #cards 4 size 8 Array Of Cards #cards 32 size 80 Howl #buckets 8 coarsen threshold 7372 Howl Bitmap #cards 1024 size 144 coarsen threshold 921 Card regions per heap region 1 cards per card region 8192
 CPUs: 8 total, 8 available
 Memory: 16168M
 Large Page Support: Disabled
 NUMA Support: Disabled
 Compressed Oops: Enabled (Zero based)
 Heap Region Size: 4M
 Heap Min Capacity: 8M
 Heap Initial Capacity: 256M
 Heap Max Capacity: 8G
 Pre-touch: Disabled
 Parallel Workers: 8
 Concurrent Workers: 2
 Concurrent Refinement Workers: 8
 Periodic GC: Disabled
Heap:
 garbage-first heap   total 573440K, used 399243K [0x0000000600000000, 0x0000000800000000)
  region size 4096K, 5 young (20480K), 5 survivors (20480K)
 Metaspace       used 185945K, committed 189248K, reserved 1245184K
  class space    used 23396K, committed 24960K, reserved 1048576K
GC Heap History (20 events):
Event: 161.089 GC heap after
{Heap after GC invocations=66 (full 0):
 garbage-first heap   total 450560K, used 289089K [0x0000000600000000, 0x0000000800000000)
  region size 4096K, 5 young (20480K), 5 survivors (20480K)
 Metaspace       used 156673K, committed 159616K, reserved 1245184K
  class space    used 20382K, committed 21824K, reserved 1048576K
}
Event: 163.561 GC heap before
{Heap before GC invocations=67 (full 0):
 garbage-first heap   total 487424K, used 399681K [0x0000000600000000, 0x0000000800000000)
  region size 4096K, 32 young (131072K), 5 survivors (20480K)
 Metaspace       used 156128K, committed 159168K, reserved 1245184K
  class space    used 20331K, committed 21824K, reserved 1048576K
}
Event: 163.565 GC heap after
{Heap after GC invocations=68 (full 0):
 garbage-first heap   total 487424K, used 276202K [0x0000000600000000, 0x0000000800000000)
  region size 4096K, 1 young (4096K), 1 survivors (4096K)
 Metaspace       used 156128K, committed 159168K, reserved 1245184K
  class space    used 20331K, committed 21824K, reserved 1048576K
}
Event: 170.365 GC heap before
{Heap before GC invocations=68 (full 0):
 garbage-first heap   total 487424K, used 481002K [0x0000000600000000, 0x0000000800000000)
  region size 4096K, 26 young (106496K), 1 survivors (4096K)
 Metaspace       used 159927K, committed 162944K, reserved 1245184K
  class space    used 20784K, committed 22272K, reserved 1048576K
}
Event: 170.381 GC heap after
{Heap after GC invocations=69 (full 0):
 garbage-first heap   total 503808K, used 275663K [0x0000000600000000, 0x0000000800000000)
  region size 4096K, 2 young (8192K), 2 survivors (8192K)
 Metaspace       used 159927K, committed 162944K, reserved 1245184K
  class space    used 20784K, committed 22272K, reserved 1048576K
}
Event: 174.220 GC heap before
{Heap before GC invocations=69 (full 0):
 garbage-first heap   total 503808K, used 443599K [0x0000000600000000, 0x0000000800000000)
  region size 4096K, 44 young (180224K), 2 survivors (8192K)
 Metaspace       used 161309K, committed 164352K, reserved 1245184K
  class space    used 20937K, committed 22400K, reserved 1048576K
}
Event: 174.232 GC heap after
{Heap after GC invocations=70 (full 0):
 garbage-first heap   total 503808K, used 281914K [0x0000000600000000, 0x0000000800000000)
  region size 4096K, 4 young (16384K), 4 survivors (16384K)
 Metaspace       used 161309K, committed 164352K, reserved 1245184K
  class space    used 20937K, committed 22400K, reserved 1048576K
}
Event: 181.208 GC heap before
{Heap before GC invocations=71 (full 0):
 garbage-first heap   total 503808K, used 458042K [0x0000000600000000, 0x0000000800000000)
  region size 4096K, 46 young (188416K), 4 survivors (16384K)
 Metaspace       used 174752K, committed 177920K, reserved 1245184K
  class space    used 22266K, committed 23808K, reserved 1048576K
}
Event: 181.229 GC heap after
{Heap after GC invocations=72 (full 0):
 garbage-first heap   total 503808K, used 298965K [0x0000000600000000, 0x0000000800000000)
  region size 4096K, 6 young (24576K), 6 survivors (24576K)
 Metaspace       used 174752K, committed 177920K, reserved 1245184K
  class space    used 22266K, committed 23808K, reserved 1048576K
}
Event: 183.404 GC heap before
{Heap before GC invocations=72 (full 0):
 garbage-first heap   total 503808K, used 442325K [0x0000000600000000, 0x0000000800000000)
  region size 4096K, 42 young (172032K), 6 survivors (24576K)
 Metaspace       used 184168K, committed 187392K, reserved 1245184K
  class space    used 23282K, committed 24832K, reserved 1048576K
}
Event: 183.436 GC heap after
{Heap after GC invocations=73 (full 0):
 garbage-first heap   total 503808K, used 308198K [0x0000000600000000, 0x0000000800000000)
  region size 4096K, 6 young (24576K), 6 survivors (24576K)
 Metaspace       used 184168K, committed 187392K, reserved 1245184K
  class space    used 23282K, committed 24832K, reserved 1048576K
}
Event: 183.577 GC heap before
{Heap before GC invocations=73 (full 0):
 garbage-first heap   total 503808K, used 443366K [0x0000000600000000, 0x0000000800000000)
  region size 4096K, 40 young (163840K), 6 survivors (24576K)
 Metaspace       used 184337K, committed 187584K, reserved 1245184K
  class space    used 23290K, committed 24832K, reserved 1048576K
}
Event: 183.607 GC heap after
{Heap after GC invocations=74 (full 0):
 garbage-first heap   total 503808K, used 322660K [0x0000000600000000, 0x0000000800000000)
  region size 4096K, 4 young (16384K), 4 survivors (16384K)
 Metaspace       used 184337K, committed 187584K, reserved 1245184K
  class space    used 23290K, committed 24832K, reserved 1048576K
}
Event: 183.763 GC heap before
{Heap before GC invocations=74 (full 0):
 garbage-first heap   total 503808K, used 453732K [0x0000000600000000, 0x0000000800000000)
  region size 4096K, 37 young (151552K), 4 survivors (16384K)
 Metaspace       used 184355K, committed 187584K, reserved 1245184K
  class space    used 23290K, committed 24832K, reserved 1048576K
}
Event: 183.778 GC heap after
{Heap after GC invocations=75 (full 0):
 garbage-first heap   total 503808K, used 338385K [0x0000000600000000, 0x0000000800000000)
  region size 4096K, 5 young (20480K), 5 survivors (20480K)
 Metaspace       used 184355K, committed 187584K, reserved 1245184K
  class space    used 23290K, committed 24832K, reserved 1048576K
}
Event: 184.061 GC heap before
{Heap before GC invocations=75 (full 0):
 garbage-first heap   total 573440K, used 444881K [0x0000000600000000, 0x0000000800000000)
  region size 4096K, 32 young (131072K), 5 survivors (20480K)
 Metaspace       used 185911K, committed 189248K, reserved 1245184K
  class space    used 23395K, committed 24960K, reserved 1048576K
}
Event: 184.080 GC heap after
{Heap after GC invocations=76 (full 0):
 garbage-first heap   total 573440K, used 353670K [0x0000000600000000, 0x0000000800000000)
  region size 4096K, 4 young (16384K), 4 survivors (16384K)
 Metaspace       used 185911K, committed 189248K, reserved 1245184K
  class space    used 23395K, committed 24960K, reserved 1048576K
}
Event: 184.621 GC heap before
{Heap before GC invocations=77 (full 0):
 garbage-first heap   total 573440K, used 521606K [0x0000000600000000, 0x0000000800000000)
  region size 4096K, 45 young (184320K), 4 survivors (16384K)
 Metaspace       used 185945K, committed 189248K, reserved 1245184K
  class space    used 23396K, committed 24960K, reserved 1048576K
}
Event: 184.642 GC heap after
{Heap after GC invocations=78 (full 0):
 garbage-first heap   total 573440K, used 382666K [0x0000000600000000, 0x0000000800000000)
  region size 4096K, 6 young (24576K), 6 survivors (24576K)
 Metaspace       used 185945K, committed 189248K, reserved 1245184K
  class space    used 23396K, committed 24960K, reserved 1048576K
}
Event: 185.100 GC heap before
{Heap before GC invocations=78 (full 0):
 garbage-first heap   total 573440K, used 517834K [0x0000000600000000, 0x0000000800000000)
  region size 4096K, 39 young (159744K), 6 survivors (24576K)
 Metaspace       used 185945K, committed 189248K, reserved 1245184K
  class space    used 23396K, committed 24960K, reserved 1048576K
}

