# JRE version: OpenJDK Runtime Environment (21.0.5) (build 21.0.5+-13047016-b750.29)
# Java VM: OpenJDK 64-Bit Server VM (21.0.5+-13047016-b750.29, mixed mode, tiered, compressed oops, compressed class ptrs, g1 gc, windows-amd64)
GC Precious Log:
 CardTable entry size: 512
 Card Set container configuration: InlinePtr #cards 4 size 8 Array Of Cards #cards 32 size 80 Howl #buckets 8 coarsen threshold 7372 Howl Bitmap #cards 1024 size 144 coarsen threshold 921 Card regions per heap region 1 cards per card region 8192
 CPUs: 8 total, 8 available
 Memory: 16168M
 Large Page Support: Disabled
 NUMA Support: Disabled
 Compressed Oops: Enabled (Zero based)
 Heap Region Size: 4M
 Heap Min Capacity: 8M
 Heap Initial Capacity: 256M
 Heap Max Capacity: 8G
 Pre-touch: Disabled
 Parallel Workers: 8
 Concurrent Workers: 2
 Concurrent Refinement Workers: 8
 Periodic GC: Disabled
Heap:
 garbage-first heap   total 548864K, used 328179K [0x0000000600000000, 0x0000000800000000)
  region size 4096K, 16 young (65536K), 3 survivors (12288K)
 Metaspace       used 175488K, committed 178432K, reserved 1245184K
  class space    used 22576K, committed 24000K, reserved 1048576K
GC Heap History (20 events):
Event: 210.781 GC heap before
{Heap before GC invocations=56 (full 0):
 garbage-first heap   total 417792K, used 362931K [0x0000000600000000, 0x0000000800000000)
  region size 4096K, 38 young (155648K), 6 survivors (24576K)
 Metaspace       used 144651K, committed 147328K, reserved 1179648K
  class space    used 19317K, committed 20608K, reserved 1048576K
}
Event: 210.807 GC heap after
{Heap after GC invocations=57 (full 0):
 garbage-first heap   total 417792K, used 246240K [0x0000000600000000, 0x0000000800000000)
  region size 4096K, 3 young (12288K), 3 survivors (12288K)
 Metaspace       used 144651K, committed 147328K, reserved 1179648K
  class space    used 19317K, committed 20608K, reserved 1048576K
}
Event: 215.557 GC heap before
{Heap before GC invocations=57 (full 0):
 garbage-first heap   total 417792K, used 373216K [0x0000000600000000, 0x0000000800000000)
  region size 4096K, 35 young (143360K), 3 survivors (12288K)
 Metaspace       used 150631K, committed 153344K, reserved 1245184K
  class space    used 19880K, committed 21184K, reserved 1048576K
}
Event: 215.572 GC heap after
{Heap after GC invocations=58 (full 0):
 garbage-first heap   total 417792K, used 241608K [0x0000000600000000, 0x0000000800000000)
  region size 4096K, 2 young (8192K), 2 survivors (8192K)
 Metaspace       used 150631K, committed 153344K, reserved 1245184K
  class space    used 19880K, committed 21184K, reserved 1048576K
}
Event: 219.105 GC heap before
{Heap before GC invocations=58 (full 0):
 garbage-first heap   total 417792K, used 380872K [0x0000000600000000, 0x0000000800000000)
  region size 4096K, 37 young (151552K), 2 survivors (8192K)
 Metaspace       used 155954K, committed 158720K, reserved 1245184K
  class space    used 20601K, committed 21952K, reserved 1048576K
}
Event: 219.118 GC heap after
{Heap after GC invocations=59 (full 0):
 garbage-first heap   total 417792K, used 247238K [0x0000000600000000, 0x0000000800000000)
  region size 4096K, 4 young (16384K), 4 survivors (16384K)
 Metaspace       used 155954K, committed 158720K, reserved 1245184K
  class space    used 20601K, committed 21952K, reserved 1048576K
}
Event: 222.877 GC heap before
{Heap before GC invocations=60 (full 0):
 garbage-first heap   total 417792K, used 370118K [0x0000000600000000, 0x0000000800000000)
  region size 4096K, 35 young (143360K), 4 survivors (16384K)
 Metaspace       used 163548K, committed 166336K, reserved 1245184K
  class space    used 21451K, committed 22784K, reserved 1048576K
}
Event: 222.896 GC heap after
{Heap after GC invocations=61 (full 0):
 garbage-first heap   total 417792K, used 256577K [0x0000000600000000, 0x0000000800000000)
  region size 4096K, 5 young (20480K), 5 survivors (20480K)
 Metaspace       used 163548K, committed 166336K, reserved 1245184K
  class space    used 21451K, committed 22784K, reserved 1048576K
}
Event: 224.556 GC heap before
{Heap before GC invocations=61 (full 0):
 garbage-first heap   total 417792K, used 367169K [0x0000000600000000, 0x0000000800000000)
  region size 4096K, 33 young (135168K), 5 survivors (20480K)
 Metaspace       used 164532K, committed 167360K, reserved 1245184K
  class space    used 21497K, committed 22848K, reserved 1048576K
}
Event: 224.582 GC heap after
{Heap after GC invocations=62 (full 0):
 garbage-first heap   total 417792K, used 267876K [0x0000000600000000, 0x0000000800000000)
  region size 4096K, 5 young (20480K), 5 survivors (20480K)
 Metaspace       used 164532K, committed 167360K, reserved 1245184K
  class space    used 21497K, committed 22848K, reserved 1048576K
}
Event: 228.981 GC heap before
{Heap before GC invocations=62 (full 0):
 garbage-first heap   total 417792K, used 366180K [0x0000000600000000, 0x0000000800000000)
  region size 4096K, 30 young (122880K), 5 survivors (20480K)
 Metaspace       used 165431K, committed 168256K, reserved 1245184K
  class space    used 21511K, committed 22848K, reserved 1048576K
}
Event: 229.009 GC heap after
{Heap after GC invocations=63 (full 0):
 garbage-first heap   total 417792K, used 275668K [0x0000000600000000, 0x0000000800000000)
  region size 4096K, 4 young (16384K), 4 survivors (16384K)
 Metaspace       used 165431K, committed 168256K, reserved 1245184K
  class space    used 21511K, committed 22848K, reserved 1048576K
}
Event: 231.747 GC heap before
{Heap before GC invocations=64 (full 0):
 garbage-first heap   total 466944K, used 365780K [0x0000000600000000, 0x0000000800000000)
  region size 4096K, 27 young (110592K), 4 survivors (16384K)
 Metaspace       used 166243K, committed 169088K, reserved 1245184K
  class space    used 21576K, committed 22912K, reserved 1048576K
}
Event: 231.768 GC heap after
{Heap after GC invocations=65 (full 0):
 garbage-first heap   total 466944K, used 286982K [0x0000000600000000, 0x0000000800000000)
  region size 4096K, 4 young (16384K), 4 survivors (16384K)
 Metaspace       used 166243K, committed 169088K, reserved 1245184K
  class space    used 21576K, committed 22912K, reserved 1048576K
}
Event: 236.071 GC heap before
{Heap before GC invocations=65 (full 0):
 garbage-first heap   total 466944K, used 409862K [0x0000000600000000, 0x0000000800000000)
  region size 4096K, 35 young (143360K), 4 survivors (16384K)
 Metaspace       used 166782K, committed 169664K, reserved 1245184K
  class space    used 21595K, committed 22976K, reserved 1048576K
}
Event: 236.091 GC heap after
{Heap after GC invocations=66 (full 0):
 garbage-first heap   total 466944K, used 273863K [0x0000000600000000, 0x0000000800000000)
  region size 4096K, 1 young (4096K), 1 survivors (4096K)
 Metaspace       used 166782K, committed 169664K, reserved 1245184K
  class space    used 21595K, committed 22976K, reserved 1048576K
}
Event: 237.428 GC heap before
{Heap before GC invocations=66 (full 0):
 garbage-first heap   total 466944K, used 335303K [0x0000000600000000, 0x0000000800000000)
  region size 4096K, 18 young (73728K), 1 survivors (4096K)
 Metaspace       used 167373K, committed 170240K, reserved 1245184K
  class space    used 21649K, committed 23040K, reserved 1048576K
}
Event: 237.435 GC heap after
{Heap after GC invocations=67 (full 0):
 garbage-first heap   total 466944K, used 278200K [0x0000000600000000, 0x0000000800000000)
  region size 4096K, 2 young (8192K), 2 survivors (8192K)
 Metaspace       used 167373K, committed 170240K, reserved 1245184K
  class space    used 21649K, committed 23040K, reserved 1048576K
}
Event: 241.579 GC heap before
{Heap before GC invocations=68 (full 0):
 garbage-first heap   total 548864K, used 519864K [0x0000000600000000, 0x0000000800000000)
  region size 4096K, 36 young (147456K), 2 survivors (8192K)
 Metaspace       used 171522K, committed 174400K, reserved 1245184K
  class space    used 22195K, committed 23552K, reserved 1048576K
}
Event: 241.597 GC heap after
{Heap after GC invocations=69 (full 0):
 garbage-first heap   total 548864K, used 283123K [0x0000000600000000, 0x0000000800000000)
  region size 4096K, 3 young (12288K), 3 survivors (12288K)
 Metaspace       used 171522K, committed 174400K, reserved 1245184K
  class space    used 22195K, committed 23552K, reserved 1048576K
}

